[debug] [2017-07-03T11:09:34.315Z] ----------------------------------------------------------------------
[debug] [2017-07-03T11:09:34.315Z] Command:      C:\Program Files\nodejs\node.exe C:\Users\Symbolk\AppData\Roaming\npm\node_modules\firebase-tools\bin\firebase serve
[debug] [2017-07-03T11:09:34.315Z] CLI Version:  3.9.1
[debug] [2017-07-03T11:09:34.315Z] Platform:     win32
[debug] [2017-07-03T11:09:34.315Z] Node Version: v6.11.0
[debug] [2017-07-03T11:09:34.315Z] Time:         Mon Jul 03 2017 19:09:34 GMT+0800 (China Standard Time)
[debug] [2017-07-03T11:09:34.315Z] ----------------------------------------------------------------------
[debug] 
[debug] [2017-07-03T11:09:34.331Z] > command requires scopes: ["email","openid","https://www.googleapis.com/auth/cloudplatformprojects.readonly","https://www.googleapis.com/auth/firebase","https://www.googleapis.com/auth/cloud-platform"]
[debug] [2017-07-03T11:09:34.331Z] > authorizing via signed-in user
[debug] [2017-07-03T11:09:34.331Z] > refreshing access token with scopes: ["email","https://www.googleapis.com/auth/cloud-platform","https://www.googleapis.com/auth/cloudplatformprojects.readonly","https://www.googleapis.com/auth/firebase","openid"]
[debug] [2017-07-03T11:09:34.331Z] >>> HTTP REQUEST POST https://www.googleapis.com/oauth2/v3/token { refresh_token: '1/GLFqwE7g8FjvgQAP53Z2sTo7bNB_fomxO0cNC-weop4',
  client_id: '563584335869-fgrhgmd47bqnekij5i8b5pr03ho849e6.apps.googleusercontent.com',
  client_secret: 'j9iVZfS8kkCEFUPaAeJV0sAi',
  grant_type: 'refresh_token',
  scope: 'email https://www.googleapis.com/auth/cloud-platform https://www.googleapis.com/auth/cloudplatformprojects.readonly https://www.googleapis.com/auth/firebase openid' } 
 Mon Jul 03 2017 19:09:34 GMT+0800 (China Standard Time)
[debug] [2017-07-03T11:09:35.171Z] <<< HTTP RESPONSE 200
[debug] [2017-07-03T11:09:35.421Z] >>> HTTP REQUEST GET https://admin.firebase.com/v1/projects/crowdjigsawpuzzle  
 Mon Jul 03 2017 19:09:35 GMT+0800 (China Standard Time)
[debug] [2017-07-03T11:09:36.501Z] <<< HTTP RESPONSE 200
[debug] [2017-07-03T11:09:36.501Z] >>> HTTP REQUEST GET https://admin.firebase.com/v1/database/crowdjigsawpuzzle/tokens  
 Mon Jul 03 2017 19:09:36 GMT+0800 (China Standard Time)
[debug] [2017-07-03T11:09:37.480Z] <<< HTTP RESPONSE 200
[info] 
[info] === Serving from 'C:\Users\Symbolk\Desktop\CrowdJigsawPuzzle'...
[info] 
[debug] [2017-07-03T11:09:37.496Z] >>> HTTP REQUEST GET https://cloudresourcemanager.googleapis.com/v1/projects/crowdjigsawpuzzle  
 Mon Jul 03 2017 19:09:37 GMT+0800 (China Standard Time)
[debug] [2017-07-03T11:09:39.395Z] <<< HTTP RESPONSE 200
[debug] [2017-07-03T11:09:39.396Z] >>> HTTP REQUEST GET https://mobilesdk-pa.googleapis.com/v1/projects/919817970655/clients/_:getWebAppConfig  
 Mon Jul 03 2017 19:09:39 GMT+0800 (China Standard Time)
[debug] [2017-07-03T11:09:41.542Z] <<< HTTP RESPONSE 200
[info] i  hosting: Serving hosting files from: ./
[info] +  hosting: Local server: http://localhost:5000

[debug] [2017-07-03T11:14:57.118Z] Error: getaddrinfo ENOTFOUND www.gstatic.com www.gstatic.com:443
[error] 
[error] Error: An unexpected error has occurred.
[debug] [2017-07-03T11:15:46.361Z] ----------------------------------------------------------------------
[debug] [2017-07-03T11:15:46.363Z] Command:      C:\Program Files\nodejs\node.exe C:\Users\Symbolk\AppData\Roaming\npm\node_modules\firebase-tools\bin\firebase serve
[debug] [2017-07-03T11:15:46.364Z] CLI Version:  3.9.1
[debug] [2017-07-03T11:15:46.364Z] Platform:     win32
[debug] [2017-07-03T11:15:46.364Z] Node Version: v6.11.0
[debug] [2017-07-03T11:15:46.365Z] Time:         Mon Jul 03 2017 19:15:46 GMT+0800 (China Standard Time)
[debug] [2017-07-03T11:15:46.365Z] ----------------------------------------------------------------------
[debug] 
[debug] [2017-07-03T11:15:46.397Z] > command requires scopes: ["email","openid","https://www.googleapis.com/auth/cloudplatformprojects.readonly","https://www.googleapis.com/auth/firebase","https://www.googleapis.com/auth/cloud-platform"]
[debug] [2017-07-03T11:15:46.397Z] > authorizing via signed-in user
[debug] [2017-07-03T11:15:46.399Z] >>> HTTP REQUEST GET https://admin.firebase.com/v1/projects/crowdjigsawpuzzle  
 Mon Jul 03 2017 19:15:46 GMT+0800 (China Standard Time)
[debug] [2017-07-03T11:15:47.936Z] <<< HTTP RESPONSE 200
[debug] [2017-07-03T11:15:47.937Z] >>> HTTP REQUEST GET https://admin.firebase.com/v1/database/crowdjigsawpuzzle/tokens  
 Mon Jul 03 2017 19:15:47 GMT+0800 (China Standard Time)
[debug] [2017-07-03T11:15:48.752Z] <<< HTTP RESPONSE 200
[info] 
[info] === Serving from 'C:\Users\Symbolk\Desktop\CrowdJigsawPuzzle'...
[info] 
[debug] [2017-07-03T11:15:48.755Z] >>> HTTP REQUEST GET https://cloudresourcemanager.googleapis.com/v1/projects/crowdjigsawpuzzle  
 Mon Jul 03 2017 19:15:48 GMT+0800 (China Standard Time)
[debug] [2017-07-03T11:15:50.332Z] <<< HTTP RESPONSE 200
[debug] [2017-07-03T11:15:50.333Z] >>> HTTP REQUEST GET https://mobilesdk-pa.googleapis.com/v1/projects/919817970655/clients/_:getWebAppConfig  
 Mon Jul 03 2017 19:15:50 GMT+0800 (China Standard Time)
[debug] [2017-07-03T11:15:51.507Z] <<< HTTP RESPONSE 200
[info] i  hosting: Serving hosting files from: ./
[info] +  hosting: Local server: http://localhost:5000

